{"/Users/jmsandiego/Documents/Projects/cs4218/cs4218-2510-ecom-project-team009/client/src/context/auth.js": {"path":"/Users/jmsandiego/Documents/Projects/cs4218/cs4218-2510-ecom-project-team009/client/src/context/auth.js","statementMap":{"0":{"start":{"line":4,"column":20},"end":{"line":4,"column":35}},"1":{"start":{"line":6,"column":21},"end":{"line":32,"column":1}},"2":{"start":{"line":7,"column":26},"end":{"line":10,"column":4}},"3":{"start":{"line":13,"column":2},"end":{"line":13,"column":63}},"4":{"start":{"line":15,"column":2},"end":{"line":26,"column":9}},"5":{"start":{"line":16,"column":17},"end":{"line":16,"column":45}},"6":{"start":{"line":17,"column":4},"end":{"line":24,"column":5}},"7":{"start":{"line":18,"column":24},"end":{"line":18,"column":40}},"8":{"start":{"line":19,"column":6},"end":{"line":23,"column":9}},"9":{"start":{"line":27,"column":2},"end":{"line":31,"column":4}},"10":{"start":{"line":35,"column":16},"end":{"line":35,"column":45}},"11":{"start":{"line":35,"column":22},"end":{"line":35,"column":45}}},"fnMap":{"0":{"name":"(anonymous_0)","decl":{"start":{"line":6,"column":21},"end":{"line":6,"column":22}},"loc":{"start":{"line":6,"column":39},"end":{"line":32,"column":1}},"line":6},"1":{"name":"(anonymous_1)","decl":{"start":{"line":15,"column":12},"end":{"line":15,"column":13}},"loc":{"start":{"line":15,"column":18},"end":{"line":26,"column":3}},"line":15},"2":{"name":"(anonymous_2)","decl":{"start":{"line":35,"column":16},"end":{"line":35,"column":17}},"loc":{"start":{"line":35,"column":22},"end":{"line":35,"column":45}},"line":35}},"branchMap":{"0":{"loc":{"start":{"line":17,"column":4},"end":{"line":24,"column":5}},"type":"if","locations":[{"start":{"line":17,"column":4},"end":{"line":24,"column":5}},{"start":{},"end":{}}],"line":17}},"s":{"0":1,"1":1,"2":5,"3":5,"4":5,"5":3,"6":3,"7":1,"8":1,"9":5,"10":1,"11":5},"f":{"0":5,"1":3,"2":5},"b":{"0":[1,2]},"_coverageSchema":"1a1c01bbd47fc00a2c39e90264f33305004495a9","hash":"978000f4691c1ffef22a7cb968dadcb4ac8447df"}
,"/Users/jmsandiego/Documents/Projects/cs4218/cs4218-2510-ecom-project-team009/client/src/context/cart.js": {"path":"/Users/jmsandiego/Documents/Projects/cs4218/cs4218-2510-ecom-project-team009/client/src/context/cart.js","statementMap":{"0":{"start":{"line":3,"column":20},"end":{"line":3,"column":35}},"1":{"start":{"line":4,"column":21},"end":{"line":17,"column":1}},"2":{"start":{"line":5,"column":26},"end":{"line":5,"column":38}},"3":{"start":{"line":7,"column":2},"end":{"line":10,"column":9}},"4":{"start":{"line":8,"column":27},"end":{"line":8,"column":55}},"5":{"start":{"line":9,"column":4},"end":{"line":9,"column":64}},"6":{"start":{"line":9,"column":26},"end":{"line":9,"column":64}},"7":{"start":{"line":12,"column":2},"end":{"line":16,"column":4}},"8":{"start":{"line":20,"column":16},"end":{"line":20,"column":45}},"9":{"start":{"line":20,"column":22},"end":{"line":20,"column":45}}},"fnMap":{"0":{"name":"(anonymous_0)","decl":{"start":{"line":4,"column":21},"end":{"line":4,"column":22}},"loc":{"start":{"line":4,"column":39},"end":{"line":17,"column":1}},"line":4},"1":{"name":"(anonymous_1)","decl":{"start":{"line":7,"column":12},"end":{"line":7,"column":13}},"loc":{"start":{"line":7,"column":18},"end":{"line":10,"column":3}},"line":7},"2":{"name":"(anonymous_2)","decl":{"start":{"line":20,"column":16},"end":{"line":20,"column":17}},"loc":{"start":{"line":20,"column":22},"end":{"line":20,"column":45}},"line":20}},"branchMap":{"0":{"loc":{"start":{"line":9,"column":4},"end":{"line":9,"column":64}},"type":"if","locations":[{"start":{"line":9,"column":4},"end":{"line":9,"column":64}},{"start":{},"end":{}}],"line":9}},"s":{"0":0,"1":0,"2":0,"3":0,"4":0,"5":0,"6":0,"7":0,"8":0,"9":0},"f":{"0":0,"1":0,"2":0},"b":{"0":[0,0]}}
,"/Users/jmsandiego/Documents/Projects/cs4218/cs4218-2510-ecom-project-team009/client/src/context/search.js": {"path":"/Users/jmsandiego/Documents/Projects/cs4218/cs4218-2510-ecom-project-team009/client/src/context/search.js","statementMap":{"0":{"start":{"line":3,"column":22},"end":{"line":3,"column":37}},"1":{"start":{"line":4,"column":23},"end":{"line":15,"column":1}},"2":{"start":{"line":5,"column":26},"end":{"line":8,"column":4}},"3":{"start":{"line":10,"column":2},"end":{"line":14,"column":4}},"4":{"start":{"line":18,"column":18},"end":{"line":18,"column":49}},"5":{"start":{"line":18,"column":24},"end":{"line":18,"column":49}}},"fnMap":{"0":{"name":"(anonymous_0)","decl":{"start":{"line":4,"column":23},"end":{"line":4,"column":24}},"loc":{"start":{"line":4,"column":41},"end":{"line":15,"column":1}},"line":4},"1":{"name":"(anonymous_1)","decl":{"start":{"line":18,"column":18},"end":{"line":18,"column":19}},"loc":{"start":{"line":18,"column":24},"end":{"line":18,"column":49}},"line":18}},"branchMap":{},"s":{"0":0,"1":0,"2":0,"3":0,"4":0,"5":0},"f":{"0":0,"1":0},"b":{}}
,"/Users/jmsandiego/Documents/Projects/cs4218/cs4218-2510-ecom-project-team009/client/src/pages/Auth/Login.js": {"path":"/Users/jmsandiego/Documents/Projects/cs4218/cs4218-2510-ecom-project-team009/client/src/pages/Auth/Login.js","statementMap":{"0":{"start":{"line":9,"column":14},"end":{"line":99,"column":1}},"1":{"start":{"line":10,"column":28},"end":{"line":10,"column":40}},"2":{"start":{"line":11,"column":34},"end":{"line":11,"column":46}},"3":{"start":{"line":12,"column":26},"end":{"line":12,"column":35}},"4":{"start":{"line":15,"column":19},"end":{"line":15,"column":32}},"5":{"start":{"line":16,"column":19},"end":{"line":16,"column":32}},"6":{"start":{"line":20,"column":23},"end":{"line":50,"column":3}},"7":{"start":{"line":21,"column":4},"end":{"line":21,"column":23}},"8":{"start":{"line":22,"column":4},"end":{"line":49,"column":5}},"9":{"start":{"line":23,"column":18},"end":{"line":26,"column":8}},"10":{"start":{"line":27,"column":6},"end":{"line":45,"column":7}},"11":{"start":{"line":28,"column":8},"end":{"line":35,"column":13}},"12":{"start":{"line":36,"column":8},"end":{"line":40,"column":11}},"13":{"start":{"line":41,"column":8},"end":{"line":41,"column":63}},"14":{"start":{"line":42,"column":8},"end":{"line":42,"column":40}},"15":{"start":{"line":44,"column":8},"end":{"line":44,"column":38}},"16":{"start":{"line":47,"column":6},"end":{"line":47,"column":25}},"17":{"start":{"line":48,"column":6},"end":{"line":48,"column":42}},"18":{"start":{"line":51,"column":2},"end":{"line":98,"column":4}},"19":{"start":{"line":62,"column":31},"end":{"line":62,"column":55}},"20":{"start":{"line":73,"column":31},"end":{"line":73,"column":58}},"21":{"start":{"line":85,"column":16},"end":{"line":85,"column":45}}},"fnMap":{"0":{"name":"(anonymous_0)","decl":{"start":{"line":9,"column":14},"end":{"line":9,"column":15}},"loc":{"start":{"line":9,"column":20},"end":{"line":99,"column":1}},"line":9},"1":{"name":"(anonymous_1)","decl":{"start":{"line":20,"column":23},"end":{"line":20,"column":24}},"loc":{"start":{"line":20,"column":36},"end":{"line":50,"column":3}},"line":20},"2":{"name":"(anonymous_2)","decl":{"start":{"line":62,"column":24},"end":{"line":62,"column":25}},"loc":{"start":{"line":62,"column":31},"end":{"line":62,"column":55}},"line":62},"3":{"name":"(anonymous_3)","decl":{"start":{"line":73,"column":24},"end":{"line":73,"column":25}},"loc":{"start":{"line":73,"column":31},"end":{"line":73,"column":58}},"line":73},"4":{"name":"(anonymous_4)","decl":{"start":{"line":84,"column":23},"end":{"line":84,"column":24}},"loc":{"start":{"line":84,"column":29},"end":{"line":86,"column":15}},"line":84}},"branchMap":{"0":{"loc":{"start":{"line":27,"column":6},"end":{"line":45,"column":7}},"type":"if","locations":[{"start":{"line":27,"column":6},"end":{"line":45,"column":7}},{"start":{"line":43,"column":13},"end":{"line":45,"column":7}}],"line":27},"1":{"loc":{"start":{"line":27,"column":10},"end":{"line":27,"column":33}},"type":"binary-expr","locations":[{"start":{"line":27,"column":10},"end":{"line":27,"column":13}},{"start":{"line":27,"column":17},"end":{"line":27,"column":33}}],"line":27},"2":{"loc":{"start":{"line":28,"column":22},"end":{"line":28,"column":50}},"type":"binary-expr","locations":[{"start":{"line":28,"column":22},"end":{"line":28,"column":30}},{"start":{"line":28,"column":34},"end":{"line":28,"column":50}}],"line":28},"3":{"loc":{"start":{"line":42,"column":17},"end":{"line":42,"column":38}},"type":"binary-expr","locations":[{"start":{"line":42,"column":17},"end":{"line":42,"column":31}},{"start":{"line":42,"column":35},"end":{"line":42,"column":38}}],"line":42}},"s":{"0":1,"1":11,"2":11,"3":11,"4":11,"5":11,"6":11,"7":2,"8":2,"9":2,"10":1,"11":1,"12":1,"13":1,"14":1,"15":0,"16":1,"17":1,"18":11,"19":3,"20":3,"21":0},"f":{"0":11,"1":2,"2":3,"3":3,"4":0},"b":{"0":[1,0],"1":[1,1],"2":[1,1],"3":[1,1]},"_coverageSchema":"1a1c01bbd47fc00a2c39e90264f33305004495a9","hash":"36f745ccf00a502afd3be8f16cf16ee0d4e31baf"}
,"/Users/jmsandiego/Documents/Projects/cs4218/cs4218-2510-ecom-project-team009/client/src/pages/Auth/Register.js": {"path":"/Users/jmsandiego/Documents/Projects/cs4218/cs4218-2510-ecom-project-team009/client/src/pages/Auth/Register.js","statementMap":{"0":{"start":{"line":7,"column":17},"end":{"line":228,"column":1}},"1":{"start":{"line":8,"column":26},"end":{"line":8,"column":38}},"2":{"start":{"line":9,"column":28},"end":{"line":9,"column":40}},"3":{"start":{"line":10,"column":34},"end":{"line":10,"column":46}},"4":{"start":{"line":11,"column":28},"end":{"line":11,"column":40}},"5":{"start":{"line":12,"column":32},"end":{"line":12,"column":44}},"6":{"start":{"line":13,"column":24},"end":{"line":13,"column":36}},"7":{"start":{"line":14,"column":30},"end":{"line":14,"column":42}},"8":{"start":{"line":15,"column":30},"end":{"line":15,"column":42}},"9":{"start":{"line":16,"column":19},"end":{"line":16,"column":32}},"10":{"start":{"line":19,"column":23},"end":{"line":96,"column":3}},"11":{"start":{"line":20,"column":4},"end":{"line":20,"column":23}},"12":{"start":{"line":24,"column":22},"end":{"line":24,"column":24}},"13":{"start":{"line":26,"column":4},"end":{"line":30,"column":5}},"14":{"start":{"line":27,"column":6},"end":{"line":27,"column":42}},"15":{"start":{"line":28,"column":11},"end":{"line":30,"column":5}},"16":{"start":{"line":29,"column":6},"end":{"line":29,"column":60}},"17":{"start":{"line":32,"column":23},"end":{"line":32,"column":51}},"18":{"start":{"line":33,"column":4},"end":{"line":35,"column":5}},"19":{"start":{"line":34,"column":6},"end":{"line":34,"column":54}},"20":{"start":{"line":37,"column":4},"end":{"line":39,"column":5}},"21":{"start":{"line":38,"column":6},"end":{"line":38,"column":68}},"22":{"start":{"line":41,"column":24},"end":{"line":41,"column":48}},"23":{"start":{"line":42,"column":4},"end":{"line":44,"column":5}},"24":{"start":{"line":43,"column":6},"end":{"line":43,"column":68}},"25":{"start":{"line":46,"column":4},"end":{"line":50,"column":5}},"26":{"start":{"line":47,"column":6},"end":{"line":47,"column":48}},"27":{"start":{"line":48,"column":11},"end":{"line":50,"column":5}},"28":{"start":{"line":49,"column":6},"end":{"line":49,"column":66}},"29":{"start":{"line":52,"column":4},"end":{"line":61,"column":5}},"30":{"start":{"line":53,"column":6},"end":{"line":53,"column":50}},"31":{"start":{"line":55,"column":27},"end":{"line":55,"column":40}},"32":{"start":{"line":56,"column":20},"end":{"line":56,"column":30}},"33":{"start":{"line":57,"column":6},"end":{"line":57,"column":33}},"34":{"start":{"line":58,"column":6},"end":{"line":60,"column":7}},"35":{"start":{"line":59,"column":8},"end":{"line":59,"column":64}},"36":{"start":{"line":63,"column":4},"end":{"line":67,"column":5}},"37":{"start":{"line":64,"column":6},"end":{"line":64,"column":55}},"38":{"start":{"line":65,"column":11},"end":{"line":67,"column":5}},"39":{"start":{"line":66,"column":6},"end":{"line":66,"column":73}},"40":{"start":{"line":69,"column":4},"end":{"line":72,"column":5}},"41":{"start":{"line":70,"column":6},"end":{"line":70,"column":27}},"42":{"start":{"line":71,"column":6},"end":{"line":71,"column":13}},"43":{"start":{"line":74,"column":4},"end":{"line":74,"column":18}},"44":{"start":{"line":76,"column":4},"end":{"line":95,"column":5}},"45":{"start":{"line":77,"column":18},"end":{"line":85,"column":8}},"46":{"start":{"line":86,"column":6},"end":{"line":91,"column":7}},"47":{"start":{"line":87,"column":8},"end":{"line":87,"column":59}},"48":{"start":{"line":88,"column":8},"end":{"line":88,"column":27}},"49":{"start":{"line":90,"column":8},"end":{"line":90,"column":38}},"50":{"start":{"line":93,"column":6},"end":{"line":93,"column":25}},"51":{"start":{"line":94,"column":6},"end":{"line":94,"column":42}},"52":{"start":{"line":98,"column":2},"end":{"line":227,"column":4}},"53":{"start":{"line":108,"column":16},"end":{"line":108,"column":40}},"54":{"start":{"line":109,"column":16},"end":{"line":109,"column":51}},"55":{"start":{"line":126,"column":16},"end":{"line":126,"column":41}},"56":{"start":{"line":127,"column":16},"end":{"line":127,"column":52}},"57":{"start":{"line":143,"column":16},"end":{"line":143,"column":44}},"58":{"start":{"line":144,"column":16},"end":{"line":144,"column":55}},"59":{"start":{"line":160,"column":16},"end":{"line":160,"column":41}},"60":{"start":{"line":161,"column":16},"end":{"line":161,"column":52}},"61":{"start":{"line":177,"column":16},"end":{"line":177,"column":43}},"62":{"start":{"line":178,"column":16},"end":{"line":178,"column":54}},"63":{"start":{"line":194,"column":16},"end":{"line":194,"column":39}},"64":{"start":{"line":195,"column":16},"end":{"line":195,"column":50}},"65":{"start":{"line":209,"column":16},"end":{"line":209,"column":42}},"66":{"start":{"line":210,"column":16},"end":{"line":210,"column":53}}},"fnMap":{"0":{"name":"(anonymous_0)","decl":{"start":{"line":7,"column":17},"end":{"line":7,"column":18}},"loc":{"start":{"line":7,"column":23},"end":{"line":228,"column":1}},"line":7},"1":{"name":"(anonymous_1)","decl":{"start":{"line":19,"column":23},"end":{"line":19,"column":24}},"loc":{"start":{"line":19,"column":36},"end":{"line":96,"column":3}},"line":19},"2":{"name":"(anonymous_2)","decl":{"start":{"line":107,"column":24},"end":{"line":107,"column":25}},"loc":{"start":{"line":107,"column":31},"end":{"line":110,"column":15}},"line":107},"3":{"name":"(anonymous_3)","decl":{"start":{"line":125,"column":24},"end":{"line":125,"column":25}},"loc":{"start":{"line":125,"column":31},"end":{"line":128,"column":15}},"line":125},"4":{"name":"(anonymous_4)","decl":{"start":{"line":142,"column":24},"end":{"line":142,"column":25}},"loc":{"start":{"line":142,"column":31},"end":{"line":145,"column":15}},"line":142},"5":{"name":"(anonymous_5)","decl":{"start":{"line":159,"column":24},"end":{"line":159,"column":25}},"loc":{"start":{"line":159,"column":31},"end":{"line":162,"column":15}},"line":159},"6":{"name":"(anonymous_6)","decl":{"start":{"line":176,"column":24},"end":{"line":176,"column":25}},"loc":{"start":{"line":176,"column":31},"end":{"line":179,"column":15}},"line":176},"7":{"name":"(anonymous_7)","decl":{"start":{"line":193,"column":24},"end":{"line":193,"column":25}},"loc":{"start":{"line":193,"column":31},"end":{"line":196,"column":15}},"line":193},"8":{"name":"(anonymous_8)","decl":{"start":{"line":208,"column":24},"end":{"line":208,"column":25}},"loc":{"start":{"line":208,"column":31},"end":{"line":211,"column":15}},"line":208}},"branchMap":{"0":{"loc":{"start":{"line":26,"column":4},"end":{"line":30,"column":5}},"type":"if","locations":[{"start":{"line":26,"column":4},"end":{"line":30,"column":5}},{"start":{"line":28,"column":11},"end":{"line":30,"column":5}}],"line":26},"1":{"loc":{"start":{"line":28,"column":11},"end":{"line":30,"column":5}},"type":"if","locations":[{"start":{"line":28,"column":11},"end":{"line":30,"column":5}},{"start":{},"end":{}}],"line":28},"2":{"loc":{"start":{"line":33,"column":4},"end":{"line":35,"column":5}},"type":"if","locations":[{"start":{"line":33,"column":4},"end":{"line":35,"column":5}},{"start":{},"end":{}}],"line":33},"3":{"loc":{"start":{"line":37,"column":4},"end":{"line":39,"column":5}},"type":"if","locations":[{"start":{"line":37,"column":4},"end":{"line":39,"column":5}},{"start":{},"end":{}}],"line":37},"4":{"loc":{"start":{"line":42,"column":4},"end":{"line":44,"column":5}},"type":"if","locations":[{"start":{"line":42,"column":4},"end":{"line":44,"column":5}},{"start":{},"end":{}}],"line":42},"5":{"loc":{"start":{"line":42,"column":8},"end":{"line":42,"column":58}},"type":"binary-expr","locations":[{"start":{"line":42,"column":8},"end":{"line":42,"column":31}},{"start":{"line":42,"column":35},"end":{"line":42,"column":58}}],"line":42},"6":{"loc":{"start":{"line":46,"column":4},"end":{"line":50,"column":5}},"type":"if","locations":[{"start":{"line":46,"column":4},"end":{"line":50,"column":5}},{"start":{"line":48,"column":11},"end":{"line":50,"column":5}}],"line":46},"7":{"loc":{"start":{"line":48,"column":11},"end":{"line":50,"column":5}},"type":"if","locations":[{"start":{"line":48,"column":11},"end":{"line":50,"column":5}},{"start":{},"end":{}}],"line":48},"8":{"loc":{"start":{"line":52,"column":4},"end":{"line":61,"column":5}},"type":"if","locations":[{"start":{"line":52,"column":4},"end":{"line":61,"column":5}},{"start":{"line":54,"column":11},"end":{"line":61,"column":5}}],"line":52},"9":{"loc":{"start":{"line":58,"column":6},"end":{"line":60,"column":7}},"type":"if","locations":[{"start":{"line":58,"column":6},"end":{"line":60,"column":7}},{"start":{},"end":{}}],"line":58},"10":{"loc":{"start":{"line":63,"column":4},"end":{"line":67,"column":5}},"type":"if","locations":[{"start":{"line":63,"column":4},"end":{"line":67,"column":5}},{"start":{"line":65,"column":11},"end":{"line":67,"column":5}}],"line":63},"11":{"loc":{"start":{"line":65,"column":11},"end":{"line":67,"column":5}},"type":"if","locations":[{"start":{"line":65,"column":11},"end":{"line":67,"column":5}},{"start":{},"end":{}}],"line":65},"12":{"loc":{"start":{"line":69,"column":4},"end":{"line":72,"column":5}},"type":"if","locations":[{"start":{"line":69,"column":4},"end":{"line":72,"column":5}},{"start":{},"end":{}}],"line":69},"13":{"loc":{"start":{"line":86,"column":6},"end":{"line":91,"column":7}},"type":"if","locations":[{"start":{"line":86,"column":6},"end":{"line":91,"column":7}},{"start":{"line":89,"column":13},"end":{"line":91,"column":7}}],"line":86},"14":{"loc":{"start":{"line":86,"column":10},"end":{"line":86,"column":33}},"type":"binary-expr","locations":[{"start":{"line":86,"column":10},"end":{"line":86,"column":13}},{"start":{"line":86,"column":17},"end":{"line":86,"column":33}}],"line":86},"15":{"loc":{"start":{"line":117,"column":13},"end":{"line":119,"column":13}},"type":"binary-expr","locations":[{"start":{"line":117,"column":13},"end":{"line":117,"column":24}},{"start":{"line":118,"column":14},"end":{"line":118,"column":66}}],"line":117},"16":{"loc":{"start":{"line":134,"column":13},"end":{"line":136,"column":13}},"type":"binary-expr","locations":[{"start":{"line":134,"column":13},"end":{"line":134,"column":25}},{"start":{"line":135,"column":14},"end":{"line":135,"column":67}}],"line":134},"17":{"loc":{"start":{"line":151,"column":13},"end":{"line":153,"column":13}},"type":"binary-expr","locations":[{"start":{"line":151,"column":13},"end":{"line":151,"column":28}},{"start":{"line":152,"column":14},"end":{"line":152,"column":70}}],"line":151},"18":{"loc":{"start":{"line":168,"column":13},"end":{"line":170,"column":13}},"type":"binary-expr","locations":[{"start":{"line":168,"column":13},"end":{"line":168,"column":25}},{"start":{"line":169,"column":14},"end":{"line":169,"column":67}}],"line":168},"19":{"loc":{"start":{"line":185,"column":13},"end":{"line":187,"column":13}},"type":"binary-expr","locations":[{"start":{"line":185,"column":13},"end":{"line":185,"column":27}},{"start":{"line":186,"column":14},"end":{"line":186,"column":69}}],"line":185},"20":{"loc":{"start":{"line":202,"column":13},"end":{"line":202,"column":78}},"type":"binary-expr","locations":[{"start":{"line":202,"column":13},"end":{"line":202,"column":23}},{"start":{"line":202,"column":27},"end":{"line":202,"column":78}}],"line":202},"21":{"loc":{"start":{"line":217,"column":13},"end":{"line":219,"column":13}},"type":"binary-expr","locations":[{"start":{"line":217,"column":13},"end":{"line":217,"column":26}},{"start":{"line":218,"column":14},"end":{"line":218,"column":68}}],"line":217}},"s":{"0":1,"1":149,"2":149,"3":149,"4":149,"5":149,"6":149,"7":149,"8":149,"9":149,"10":149,"11":16,"12":16,"13":16,"14":1,"15":15,"16":1,"17":16,"18":16,"19":3,"20":16,"21":2,"22":16,"23":16,"24":2,"25":16,"26":2,"27":14,"28":1,"29":16,"30":2,"31":14,"32":14,"33":14,"34":14,"35":1,"36":16,"37":2,"38":14,"39":1,"40":16,"41":12,"42":12,"43":4,"44":4,"45":4,"46":3,"47":2,"48":2,"49":1,"50":1,"51":1,"52":149,"53":16,"54":16,"55":17,"56":17,"57":16,"58":16,"59":17,"60":17,"61":17,"62":17,"63":17,"64":17,"65":17,"66":17},"f":{"0":149,"1":16,"2":16,"3":17,"4":16,"5":17,"6":17,"7":17,"8":17},"b":{"0":[1,15],"1":[1,14],"2":[3,13],"3":[2,14],"4":[2,14],"5":[16,14],"6":[2,14],"7":[1,13],"8":[2,14],"9":[1,13],"10":[2,14],"11":[1,13],"12":[12,4],"13":[2,1],"14":[3,3],"15":[149,2],"16":[149,3],"17":[149,2],"18":[149,2],"19":[149,3],"20":[149,3],"21":[149,3]},"_coverageSchema":"1a1c01bbd47fc00a2c39e90264f33305004495a9","hash":"fc69c87d3b0b1c447a3b1cc9380d7acd4143b381"}
}
