TN:
SF:client/src/context/auth.js
FN:6,(anonymous_0)
FN:15,(anonymous_1)
FN:35,(anonymous_2)
FNF:3
FNH:3
FNDA:5,(anonymous_0)
FNDA:3,(anonymous_1)
FNDA:5,(anonymous_2)
DA:4,1
DA:6,1
DA:7,5
DA:13,5
DA:15,5
DA:16,3
DA:17,3
DA:18,1
DA:19,1
DA:27,5
DA:35,5
LF:11
LH:11
BRDA:17,0,0,1
BRDA:17,0,1,2
BRF:2
BRH:2
end_of_record
TN:
SF:client/src/context/cart.js
FN:4,(anonymous_0)
FN:7,(anonymous_1)
FN:20,(anonymous_2)
FNF:3
FNH:0
FNDA:0,(anonymous_0)
FNDA:0,(anonymous_1)
FNDA:0,(anonymous_2)
DA:3,0
DA:4,0
DA:5,0
DA:7,0
DA:8,0
DA:9,0
DA:12,0
DA:20,0
LF:8
LH:0
BRDA:9,0,0,0
BRDA:9,0,1,0
BRF:2
BRH:0
end_of_record
TN:
SF:client/src/context/search.js
FN:4,(anonymous_0)
FN:18,(anonymous_1)
FNF:2
FNH:0
FNDA:0,(anonymous_0)
FNDA:0,(anonymous_1)
DA:3,0
DA:4,0
DA:5,0
DA:10,0
DA:18,0
LF:5
LH:0
BRF:0
BRH:0
end_of_record
TN:
SF:client/src/pages/Auth/Login.js
FN:9,(anonymous_0)
FN:20,(anonymous_1)
FN:62,(anonymous_2)
FN:73,(anonymous_3)
FN:84,(anonymous_4)
FNF:5
FNH:4
FNDA:11,(anonymous_0)
FNDA:2,(anonymous_1)
FNDA:3,(anonymous_2)
FNDA:3,(anonymous_3)
FNDA:0,(anonymous_4)
DA:9,1
DA:10,11
DA:11,11
DA:12,11
DA:15,11
DA:16,11
DA:20,11
DA:21,2
DA:22,2
DA:23,2
DA:27,1
DA:28,1
DA:36,1
DA:41,1
DA:42,1
DA:44,0
DA:47,1
DA:48,1
DA:51,11
DA:62,3
DA:73,3
DA:85,0
LF:22
LH:20
BRDA:27,0,0,1
BRDA:27,0,1,0
BRDA:27,1,0,1
BRDA:27,1,1,1
BRDA:28,2,0,1
BRDA:28,2,1,1
BRDA:42,3,0,1
BRDA:42,3,1,1
BRF:8
BRH:7
end_of_record
TN:
SF:client/src/pages/Auth/Register.js
FN:7,(anonymous_0)
FN:19,(anonymous_1)
FN:107,(anonymous_2)
FN:125,(anonymous_3)
FN:142,(anonymous_4)
FN:159,(anonymous_5)
FN:176,(anonymous_6)
FN:193,(anonymous_7)
FN:208,(anonymous_8)
FNF:9
FNH:9
FNDA:149,(anonymous_0)
FNDA:16,(anonymous_1)
FNDA:16,(anonymous_2)
FNDA:17,(anonymous_3)
FNDA:16,(anonymous_4)
FNDA:17,(anonymous_5)
FNDA:17,(anonymous_6)
FNDA:17,(anonymous_7)
FNDA:17,(anonymous_8)
DA:7,1
DA:8,149
DA:9,149
DA:10,149
DA:11,149
DA:12,149
DA:13,149
DA:14,149
DA:15,149
DA:16,149
DA:19,149
DA:20,16
DA:24,16
DA:26,16
DA:27,1
DA:28,15
DA:29,1
DA:32,16
DA:33,16
DA:34,3
DA:37,16
DA:38,2
DA:41,16
DA:42,16
DA:43,2
DA:46,16
DA:47,2
DA:48,14
DA:49,1
DA:52,16
DA:53,2
DA:55,14
DA:56,14
DA:57,14
DA:58,14
DA:59,1
DA:63,16
DA:64,2
DA:65,14
DA:66,1
DA:69,16
DA:70,12
DA:71,12
DA:74,4
DA:76,4
DA:77,4
DA:86,3
DA:87,2
DA:88,2
DA:90,1
DA:93,1
DA:94,1
DA:98,149
DA:108,16
DA:109,16
DA:126,17
DA:127,17
DA:143,16
DA:144,16
DA:160,17
DA:161,17
DA:177,17
DA:178,17
DA:194,17
DA:195,17
DA:209,17
DA:210,17
LF:67
LH:67
BRDA:26,0,0,1
BRDA:26,0,1,15
BRDA:28,1,0,1
BRDA:28,1,1,14
BRDA:33,2,0,3
BRDA:33,2,1,13
BRDA:37,3,0,2
BRDA:37,3,1,14
BRDA:42,4,0,2
BRDA:42,4,1,14
BRDA:42,5,0,16
BRDA:42,5,1,14
BRDA:46,6,0,2
BRDA:46,6,1,14
BRDA:48,7,0,1
BRDA:48,7,1,13
BRDA:52,8,0,2
BRDA:52,8,1,14
BRDA:58,9,0,1
BRDA:58,9,1,13
BRDA:63,10,0,2
BRDA:63,10,1,14
BRDA:65,11,0,1
BRDA:65,11,1,13
BRDA:69,12,0,12
BRDA:69,12,1,4
BRDA:86,13,0,2
BRDA:86,13,1,1
BRDA:86,14,0,3
BRDA:86,14,1,3
BRDA:117,15,0,149
BRDA:117,15,1,2
BRDA:134,16,0,149
BRDA:134,16,1,3
BRDA:151,17,0,149
BRDA:151,17,1,2
BRDA:168,18,0,149
BRDA:168,18,1,2
BRDA:185,19,0,149
BRDA:185,19,1,3
BRDA:202,20,0,149
BRDA:202,20,1,3
BRDA:217,21,0,149
BRDA:217,21,1,3
BRF:44
BRH:44
end_of_record
