TN:
SF:client/src/context/auth.js
FN:6,(anonymous_0)
FN:15,(anonymous_1)
FN:35,(anonymous_2)
FNF:3
FNH:3
FNDA:5,(anonymous_0)
FNDA:3,(anonymous_1)
FNDA:5,(anonymous_2)
DA:4,1
DA:6,1
DA:7,5
DA:13,5
DA:15,5
DA:16,3
DA:17,3
DA:18,1
DA:19,1
DA:27,5
DA:35,5
LF:11
LH:11
BRDA:17,0,0,1
BRDA:17,0,1,2
BRF:2
BRH:2
end_of_record
TN:
SF:client/src/context/cart.js
FN:4,(anonymous_0)
FN:7,(anonymous_1)
FN:20,(anonymous_2)
FNF:3
FNH:0
FNDA:0,(anonymous_0)
FNDA:0,(anonymous_1)
FNDA:0,(anonymous_2)
DA:3,0
DA:4,0
DA:5,0
DA:7,0
DA:8,0
DA:9,0
DA:12,0
DA:20,0
LF:8
LH:0
BRDA:9,0,0,0
BRDA:9,0,1,0
BRF:2
BRH:0
end_of_record
TN:
SF:client/src/context/search.js
FN:4,(anonymous_0)
FN:18,(anonymous_1)
FNF:2
FNH:0
FNDA:0,(anonymous_0)
FNDA:0,(anonymous_1)
DA:3,0
DA:4,0
DA:5,0
DA:10,0
DA:18,0
LF:5
LH:0
BRF:0
BRH:0
end_of_record
TN:
SF:client/src/pages/Auth/Login.js
FN:12,(anonymous_0)
FN:22,(anonymous_1)
FN:92,(anonymous_2)
FN:109,(anonymous_3)
FN:126,(anonymous_4)
FNF:5
FNH:5
FNDA:51,(anonymous_0)
FNDA:11,(anonymous_1)
FNDA:14,(anonymous_2)
FNDA:11,(anonymous_3)
FNDA:1,(anonymous_4)
DA:12,1
DA:13,51
DA:14,51
DA:15,51
DA:16,51
DA:18,51
DA:19,51
DA:22,51
DA:23,11
DA:26,11
DA:29,11
DA:30,3
DA:32,8
DA:33,8
DA:34,2
DA:39,11
DA:40,4
DA:43,11
DA:44,7
DA:45,7
DA:48,4
DA:50,4
DA:51,4
DA:55,3
DA:56,2
DA:64,2
DA:69,2
DA:70,2
DA:72,1
DA:75,1
DA:77,1
DA:78,1
DA:81,51
DA:93,14
DA:94,14
DA:110,11
DA:111,11
DA:127,1
LF:38
LH:38
BRDA:29,0,0,3
BRDA:29,0,1,8
BRDA:33,1,0,2
BRDA:33,1,1,6
BRDA:39,2,0,4
BRDA:39,2,1,7
BRDA:43,3,0,7
BRDA:43,3,1,4
BRDA:55,4,0,2
BRDA:55,4,1,1
BRDA:55,5,0,3
BRDA:55,5,1,3
BRDA:56,6,0,2
BRDA:56,6,1,1
BRDA:70,7,0,2
BRDA:70,7,1,2
BRDA:77,8,0,1
BRDA:77,8,1,1
BRDA:101,9,0,51
BRDA:101,9,1,5
BRDA:118,10,0,51
BRDA:118,10,1,5
BRF:22
BRH:22
end_of_record
TN:
SF:client/src/pages/Auth/Register.js
FN:7,(anonymous_0)
FN:19,(anonymous_1)
FN:107,(anonymous_2)
FN:125,(anonymous_3)
FN:142,(anonymous_4)
FN:159,(anonymous_5)
FN:176,(anonymous_6)
FN:193,(anonymous_7)
FN:208,(anonymous_8)
FNF:9
FNH:9
FNDA:162,(anonymous_0)
FNDA:17,(anonymous_1)
FNDA:18,(anonymous_2)
FNDA:18,(anonymous_3)
FNDA:17,(anonymous_4)
FNDA:18,(anonymous_5)
FNDA:18,(anonymous_6)
FNDA:18,(anonymous_7)
FNDA:18,(anonymous_8)
DA:7,1
DA:8,162
DA:9,162
DA:10,162
DA:11,162
DA:12,162
DA:13,162
DA:14,162
DA:15,162
DA:16,162
DA:19,162
DA:20,17
DA:24,17
DA:26,17
DA:27,2
DA:28,15
DA:29,1
DA:32,17
DA:33,17
DA:34,4
DA:37,17
DA:38,3
DA:41,17
DA:42,17
DA:43,3
DA:46,17
DA:47,3
DA:48,14
DA:49,1
DA:52,17
DA:53,3
DA:55,14
DA:56,14
DA:57,14
DA:58,14
DA:59,1
DA:63,17
DA:64,3
DA:65,14
DA:66,1
DA:69,17
DA:70,13
DA:71,13
DA:74,4
DA:76,4
DA:77,4
DA:86,3
DA:87,2
DA:88,2
DA:90,1
DA:93,1
DA:94,1
DA:98,162
DA:108,18
DA:109,18
DA:126,18
DA:127,18
DA:143,17
DA:144,17
DA:160,18
DA:161,18
DA:177,18
DA:178,18
DA:194,18
DA:195,18
DA:209,18
DA:210,18
LF:67
LH:67
BRDA:26,0,0,2
BRDA:26,0,1,15
BRDA:28,1,0,1
BRDA:28,1,1,14
BRDA:33,2,0,4
BRDA:33,2,1,13
BRDA:37,3,0,3
BRDA:37,3,1,14
BRDA:42,4,0,3
BRDA:42,4,1,14
BRDA:42,5,0,17
BRDA:42,5,1,14
BRDA:46,6,0,3
BRDA:46,6,1,14
BRDA:48,7,0,1
BRDA:48,7,1,13
BRDA:52,8,0,3
BRDA:52,8,1,14
BRDA:58,9,0,1
BRDA:58,9,1,13
BRDA:63,10,0,3
BRDA:63,10,1,14
BRDA:65,11,0,1
BRDA:65,11,1,13
BRDA:69,12,0,13
BRDA:69,12,1,4
BRDA:86,13,0,2
BRDA:86,13,1,1
BRDA:86,14,0,3
BRDA:86,14,1,3
BRDA:117,15,0,162
BRDA:117,15,1,3
BRDA:134,16,0,162
BRDA:134,16,1,5
BRDA:151,17,0,162
BRDA:151,17,1,4
BRDA:168,18,0,162
BRDA:168,18,1,4
BRDA:185,19,0,162
BRDA:185,19,1,5
BRDA:202,20,0,162
BRDA:202,20,1,5
BRDA:217,21,0,162
BRDA:217,21,1,5
BRF:44
BRH:44
end_of_record
